<?xml version="1.0" encoding="UTF-8"?>
<testng-results skipped="0" failed="2" ignored="0" total="3" passed="1">
  <reporter-output>
  </reporter-output>
  <suite name="Suite" duration-ms="204248" started-at="2020-06-01T06:33:36Z" finished-at="2020-06-01T06:37:01Z">
    <groups>
    </groups>
    <test name="Test" duration-ms="204248" started-at="2020-06-01T06:33:36Z" finished-at="2020-06-01T06:37:01Z">
      <class name="com.mirafra.extentreport.GenerateExtentReport">
        <test-method status="PASS" signature="startReport()[pri:0, instance:com.mirafra.extentreport.GenerateExtentReport@6cd8737]" name="startReport" is-config="true" duration-ms="894" started-at="2020-06-01T12:03:36Z" finished-at="2020-06-01T12:03:37Z">
          <reporter-output>
          </reporter-output>
        </test-method> <!-- startReport -->
        <test-method status="PASS" signature="init()[pri:0, instance:com.mirafra.extentreport.GenerateExtentReport@6cd8737]" name="init" is-config="true" duration-ms="48462" started-at="2020-06-01T12:03:37Z" finished-at="2020-06-01T12:04:26Z">
          <reporter-output>
          </reporter-output>
        </test-method> <!-- init -->
        <test-method status="PASS" signature="demoPass()[pri:0, instance:com.mirafra.extentreport.GenerateExtentReport@6cd8737]" name="demoPass" duration-ms="148" started-at="2020-06-01T12:04:26Z" finished-at="2020-06-01T12:04:26Z">
          <reporter-output>
          </reporter-output>
        </test-method> <!-- demoPass -->
        <test-method status="PASS" signature="getResult(org.testng.ITestResult)[pri:0, instance:com.mirafra.extentreport.GenerateExtentReport@6cd8737]" name="getResult" is-config="true" duration-ms="19" started-at="2020-06-01T12:04:26Z" finished-at="2020-06-01T12:04:26Z">
          <params>
            <param index="0">
              <value>
                <![CDATA[[TestResult name=demoPass status=SUCCESS method=GenerateExtentReport.demoPass()[pri:0, instance:com.mirafra.extentreport.GenerateExtentReport@6cd8737] output={null}]]]>
              </value>
            </param>
          </params>
          <reporter-output>
          </reporter-output>
        </test-method> <!-- getResult -->
        <test-method status="PASS" signature="init()[pri:0, instance:com.mirafra.extentreport.GenerateExtentReport@6cd8737]" name="init" is-config="true" duration-ms="63415" started-at="2020-06-01T12:04:26Z" finished-at="2020-06-01T12:05:30Z">
          <reporter-output>
          </reporter-output>
        </test-method> <!-- init -->
        <test-method status="FAIL" signature="demofail()[pri:0, instance:com.mirafra.extentreport.GenerateExtentReport@6cd8737]" name="demofail" duration-ms="22" started-at="2020-06-01T12:05:30Z" finished-at="2020-06-01T12:05:30Z">
          <exception class="java.lang.AssertionError">
            <message>
              <![CDATA[expected [SpiceJet - Flight stic and International, Cheap Air Tickets] but found [SpiceJet - Flight Booking for Domestic and International, Cheap Air Tickets]]]>
            </message>
            <full-stacktrace>
              <![CDATA[java.lang.AssertionError: expected [SpiceJet - Flight stic and International, Cheap Air Tickets] but found [SpiceJet - Flight Booking for Domestic and International, Cheap Air Tickets]
	at org.testng.Assert.fail(Assert.java:93)
	at org.testng.Assert.failNotEquals(Assert.java:512)
	at org.testng.Assert.assertEqualsImpl(Assert.java:134)
	at org.testng.Assert.assertEquals(Assert.java:115)
	at org.testng.Assert.assertEquals(Assert.java:189)
	at org.testng.Assert.assertEquals(Assert.java:199)
	at com.mirafra.extentreport.GenerateExtentReport.demofail(GenerateExtentReport.java:116)
	at sun.reflect.NativeMethodAccessorImpl.invoke0(Native Method)
	at sun.reflect.NativeMethodAccessorImpl.invoke(NativeMethodAccessorImpl.java:62)
	at sun.reflect.DelegatingMethodAccessorImpl.invoke(DelegatingMethodAccessorImpl.java:43)
	at java.lang.reflect.Method.invoke(Method.java:498)
	at org.testng.internal.MethodInvocationHelper.invokeMethod(MethodInvocationHelper.java:108)
	at org.testng.internal.Invoker.invokeMethod(Invoker.java:661)
	at org.testng.internal.Invoker.invokeTestMethod(Invoker.java:869)
	at org.testng.internal.Invoker.invokeTestMethods(Invoker.java:1193)
	at org.testng.internal.TestMethodWorker.invokeTestMethods(TestMethodWorker.java:126)
	at org.testng.internal.TestMethodWorker.run(TestMethodWorker.java:109)
	at org.testng.TestRunner.privateRun(TestRunner.java:744)
	at org.testng.TestRunner.run(TestRunner.java:602)
	at org.testng.SuiteRunner.runTest(SuiteRunner.java:380)
	at org.testng.SuiteRunner.runSequentially(SuiteRunner.java:375)
	at org.testng.SuiteRunner.privateRun(SuiteRunner.java:340)
	at org.testng.SuiteRunner.run(SuiteRunner.java:289)
	at org.testng.SuiteRunnerWorker.runSuite(SuiteRunnerWorker.java:52)
	at org.testng.SuiteRunnerWorker.run(SuiteRunnerWorker.java:86)
	at org.testng.TestNG.runSuitesSequentially(TestNG.java:1301)
	at org.testng.TestNG.runSuitesLocally(TestNG.java:1226)
	at org.testng.TestNG.runSuites(TestNG.java:1144)
	at org.testng.TestNG.run(TestNG.java:1115)
	at org.apache.maven.surefire.testng.TestNGExecutor.run(TestNGExecutor.java:281)
	at org.apache.maven.surefire.testng.TestNGXmlTestSuite.execute(TestNGXmlTestSuite.java:75)
	at org.apache.maven.surefire.testng.TestNGProvider.invoke(TestNGProvider.java:121)
	at org.apache.maven.surefire.booter.ForkedBooter.invokeProviderInSameClassLoader(ForkedBooter.java:290)
	at org.apache.maven.surefire.booter.ForkedBooter.runSuitesInProcess(ForkedBooter.java:242)
	at org.apache.maven.surefire.booter.ForkedBooter.main(ForkedBooter.java:121)
]]>
            </full-stacktrace>
          </exception> <!-- java.lang.AssertionError -->
          <reporter-output>
          </reporter-output>
        </test-method> <!-- demofail -->
        <test-method status="PASS" signature="getResult(org.testng.ITestResult)[pri:0, instance:com.mirafra.extentreport.GenerateExtentReport@6cd8737]" name="getResult" is-config="true" duration-ms="3742" started-at="2020-06-01T12:05:30Z" finished-at="2020-06-01T12:05:33Z">
          <params>
            <param index="0">
              <value>
                <![CDATA[[TestResult name=demofail status=FAILURE method=GenerateExtentReport.demofail()[pri:0, instance:com.mirafra.extentreport.GenerateExtentReport@6cd8737] output={null}]]]>
              </value>
            </param>
          </params>
          <reporter-output>
          </reporter-output>
        </test-method> <!-- getResult -->
        <test-method status="PASS" signature="init()[pri:0, instance:com.mirafra.extentreport.GenerateExtentReport@6cd8737]" name="init" is-config="true" duration-ms="71250" started-at="2020-06-01T12:05:33Z" finished-at="2020-06-01T12:06:45Z">
          <reporter-output>
          </reporter-output>
        </test-method> <!-- init -->
        <test-method status="FAIL" signature="thiedTestCase()[pri:0, instance:com.mirafra.extentreport.GenerateExtentReport@6cd8737]" name="thiedTestCase" duration-ms="5" started-at="2020-06-01T12:06:45Z" finished-at="2020-06-01T12:06:45Z">
          <exception class="java.lang.AssertionError">
            <message>
              <![CDATA[expected [true] but found [false]]]>
            </message>
            <full-stacktrace>
              <![CDATA[java.lang.AssertionError: expected [true] but found [false]
	at org.testng.Assert.fail(Assert.java:93)
	at org.testng.Assert.failNotEquals(Assert.java:512)
	at org.testng.Assert.assertTrue(Assert.java:41)
	at org.testng.Assert.assertTrue(Assert.java:51)
	at com.mirafra.extentreport.GenerateExtentReport.thiedTestCase(GenerateExtentReport.java:125)
	at sun.reflect.NativeMethodAccessorImpl.invoke0(Native Method)
	at sun.reflect.NativeMethodAccessorImpl.invoke(NativeMethodAccessorImpl.java:62)
	at sun.reflect.DelegatingMethodAccessorImpl.invoke(DelegatingMethodAccessorImpl.java:43)
	at java.lang.reflect.Method.invoke(Method.java:498)
	at org.testng.internal.MethodInvocationHelper.invokeMethod(MethodInvocationHelper.java:108)
	at org.testng.internal.Invoker.invokeMethod(Invoker.java:661)
	at org.testng.internal.Invoker.invokeTestMethod(Invoker.java:869)
	at org.testng.internal.Invoker.invokeTestMethods(Invoker.java:1193)
	at org.testng.internal.TestMethodWorker.invokeTestMethods(TestMethodWorker.java:126)
	at org.testng.internal.TestMethodWorker.run(TestMethodWorker.java:109)
	at org.testng.TestRunner.privateRun(TestRunner.java:744)
	at org.testng.TestRunner.run(TestRunner.java:602)
	at org.testng.SuiteRunner.runTest(SuiteRunner.java:380)
	at org.testng.SuiteRunner.runSequentially(SuiteRunner.java:375)
	at org.testng.SuiteRunner.privateRun(SuiteRunner.java:340)
	at org.testng.SuiteRunner.run(SuiteRunner.java:289)
	at org.testng.SuiteRunnerWorker.runSuite(SuiteRunnerWorker.java:52)
	at org.testng.SuiteRunnerWorker.run(SuiteRunnerWorker.java:86)
	at org.testng.TestNG.runSuitesSequentially(TestNG.java:1301)
	at org.testng.TestNG.runSuitesLocally(TestNG.java:1226)
	at org.testng.TestNG.runSuites(TestNG.java:1144)
	at org.testng.TestNG.run(TestNG.java:1115)
	at org.apache.maven.surefire.testng.TestNGExecutor.run(TestNGExecutor.java:281)
	at org.apache.maven.surefire.testng.TestNGXmlTestSuite.execute(TestNGXmlTestSuite.java:75)
	at org.apache.maven.surefire.testng.TestNGProvider.invoke(TestNGProvider.java:121)
	at org.apache.maven.surefire.booter.ForkedBooter.invokeProviderInSameClassLoader(ForkedBooter.java:290)
	at org.apache.maven.surefire.booter.ForkedBooter.runSuitesInProcess(ForkedBooter.java:242)
	at org.apache.maven.surefire.booter.ForkedBooter.main(ForkedBooter.java:121)
]]>
            </full-stacktrace>
          </exception> <!-- java.lang.AssertionError -->
          <reporter-output>
          </reporter-output>
        </test-method> <!-- thiedTestCase -->
        <test-method status="PASS" signature="getResult(org.testng.ITestResult)[pri:0, instance:com.mirafra.extentreport.GenerateExtentReport@6cd8737]" name="getResult" is-config="true" duration-ms="4982" started-at="2020-06-01T12:06:45Z" finished-at="2020-06-01T12:06:50Z">
          <params>
            <param index="0">
              <value>
                <![CDATA[[TestResult name=thiedTestCase status=FAILURE method=GenerateExtentReport.thiedTestCase()[pri:0, instance:com.mirafra.extentreport.GenerateExtentReport@6cd8737] output={null}]]]>
              </value>
            </param>
          </params>
          <reporter-output>
          </reporter-output>
        </test-method> <!-- getResult -->
        <test-method status="PASS" signature="endReport()[pri:0, instance:com.mirafra.extentreport.GenerateExtentReport@6cd8737]" name="endReport" is-config="true" duration-ms="10967" started-at="2020-06-01T12:06:50Z" finished-at="2020-06-01T12:07:01Z">
          <reporter-output>
          </reporter-output>
        </test-method> <!-- endReport -->
      </class> <!-- com.mirafra.extentreport.GenerateExtentReport -->
    </test> <!-- Test -->
  </suite> <!-- Suite -->
</testng-results>
